<?xml version="1.0"?>
<document>
    <properties>
        <title>userguide - JUnit-Style Reports</title>
    </properties>
    <body>
		<section name="JUnit-Style Report">
		<p>The JUnit-Style HTML Reports prompt to generate HTML reports very reminiscent of the "classic" ant/junitreport 
		reports;</p>
		<p align="center"><img src="images/create-junit-export.png"/></p>
		<p>After setting desired options, the HTML report is generated into the specified folder and openend in 
		the systems browser:</p>
		<p align="center"><img src="images/junit-report-sample.png"/></p>

		 <p><hr size="1"/>Next: <a href="../jdbcConnection.html">JBDC Connections</a></p>
		</section>
    </body>
</document>
